Arguments: 
  /home/edwin/.local/opt/n/bin/node /usr/bin/yarn test

PATH: 
  /home/edwin/.deno/bin:/home/edwin/.rvm/bin:/home/edwin/.local/opt/flutter/bin:/home/edwin//home/edwin/.local/go-path/bin:/home/edwin/.poetry/bin:/home/edwin/.local/share/cargo/bin:/home/edwin/.local/share/yarn/global/node_modules/.bin:/home/edwin/.local/opt/n/bin:/home/edwin/.local/opt/krew/bin:/snap/bin:/home/edwin/.local/bin:/home/edwin/.deno/bin:/home/edwin/.rvm/bin:/home/edwin/.local/opt/flutter/bin:/home/edwin//home/edwin/.local/go-path/bin:/home/edwin/.poetry/bin:/home/edwin/.local/share/cargo/bin:/home/edwin/.local/share/yarn/global/node_modules/.bin:/home/edwin/.local/opt/n/bin:/home/edwin/.local/opt/krew/bin:/snap/bin:/home/edwin/.local/bin:/home/edwin/.deno/bin:/home/edwin/.rvm/bin:/home/edwin/.local/opt/flutter/bin:/home/edwin//home/edwin/.local/go-path/bin:/home/edwin/.poetry/bin:/home/edwin/.local/share/cargo/bin:/home/edwin/.local/share/yarn/global/node_modules/.bin:/home/edwin/.local/opt/n/bin:/home/edwin/.local/opt/krew/bin:/snap/bin:/home/edwin/.local/bin:/home/edwin/.deno/bin:/home/edwin/.rvm/bin:/home/edwin/.local/opt/flutter/bin:/home/edwin//home/edwin/.local/go-path/bin:/home/edwin/.poetry/bin:/home/edwin/.local/share/cargo/bin:/home/edwin/.local/share/yarn/global/node_modules/.bin:/home/edwin/.local/opt/n/bin:/home/edwin/.local/opt/krew/bin:/snap/bin:/home/edwin/.local/bin:/home/edwin/.deno/bin:/home/edwin/.rvm/bin:/home/edwin/.local/opt/flutter/bin:/home/edwin//home/edwin/.local/go-path/bin:/home/edwin/.poetry/bin:/home/edwin/.local/share/cargo/bin:/home/edwin/.local/share/yarn/global/node_modules/.bin:/home/edwin/.local/opt/n/bin:/home/edwin/.local/opt/krew/bin:/snap/bin:/home/edwin/.local/bin:/home/edwin/.local/bin:/home/edwin/.deno/bin:/home/edwin/.rvm/bin:/home/edwin/.local/opt/flutter/bin:/home/edwin//home/edwin/.local/go-path/bin:/home/edwin/.poetry/bin:/home/edwin/.local/share/cargo/bin:/home/edwin/.local/share/yarn/global/node_modules/.bin:/home/edwin/.local/opt/n/bin:/home/edwin/.local/opt/krew/bin:/snap/bin:/home/edwin/.local/bin:/home/edwin/.local/bin:/usr/local/bin:/usr/local/sbin:/usr/bin:/usr/bin/site_perl:/usr/bin/vendor_perl:/usr/bin/core_perl:/var/lib/snapd/snap/bin:/usr/bin/site_perl:/usr/bin/vendor_perl:/usr/bin/core_perl:/snap/bin:/var/lib/snapd/snap/bin:/snap/bin:/var/lib/snapd/snap/bin

Yarn version: 
  1.22.4

Node version: 
  14.2.0

Platform: 
  linux x64

Trace: 
  Invariant Violation: Script must exist
      at invariant (/usr/lib/node_modules/yarn/lib/cli.js:2314:15)
      at /usr/lib/node_modules/yarn/lib/cli.js:62386:11
      at Generator.next (<anonymous>)
      at step (/usr/lib/node_modules/yarn/lib/cli.js:310:30)
      at /usr/lib/node_modules/yarn/lib/cli.js:328:14
      at new Promise (<anonymous>)
      at new F (/usr/lib/node_modules/yarn/lib/cli.js:5301:28)
      at /usr/lib/node_modules/yarn/lib/cli.js:307:12
      at realRunCommand (/usr/lib/node_modules/yarn/lib/cli.js:62471:23)
      at action.action (/usr/lib/node_modules/yarn/lib/cli.js:62532:16)

npm manifest: 
  {
    "name": "npm-package-json-lint-config-fox",
    "version": "0.1.0",
    "description": "",
    "main": "src/index.ts",
    "scripts": {
      "test": ""
    },
    "keywords": [
      "npm-package-json-lint",
      "npm-package-json-lint-config"
    ],
    "author": "Edwin Kofler",
    "license": "MIT",
    "peerDependencies": {
      "npm-package-json-lint": ">= 5"
    },
    "devDependencies": {
      "@types/jest": "^25.2.1",
      "jest": "^26.0.1",
      "ts-node": "^8.10.1",
      "typescript": "^3.8.3"
    }
  }

yarn manifest: 
  No manifest

Lockfile: 
  No lockfile
